2018-11-10T19:07:36.161Z - info: START seeder.
2018-11-10T19:07:36.175Z - error: uncaughtException: users is not defined date=Sat Nov 10 2018 13:07:36 GMT-0600 (Central Standard Time), pid=6328, uid=null, gid=null, cwd=b:\GDP\Project, execPath=C:\Program Files\nodejs\node.exe, version=v8.12.0, argv=[C:\Program Files\nodejs\node.exe, b:\GDP\Project\bin\www], rss=112504832, heapTotal=80015360, heapUsed=51089024, external=23425437, loadavg=[0, 0, 0], uptime=937999.4004872
ReferenceError: users is not defined
    at module.exports (b:\GDP\Project\utils\seeder.js:19:3)
    at Object.<anonymous> (b:\GDP\Project\codeword.js:30:29)
    at Module._compile (module.js:653:30)
    at Object.Module._extensions..js (module.js:664:10)
    at Module.load (module.js:566:32)
    at tryModuleLoad (module.js:506:12)
    at Function.Module._load (module.js:498:3)
    at Module.require (module.js:597:17)
    at require (internal/module.js:11:18)
    at Object.<anonymous> (b:\GDP\Project\bin\www:7:11)
    at Module._compile (module.js:650:14)
    at Object.Module._extensions..js (module.js:664:10)
    at Module.load (module.js:566:32)
    at tryModuleLoad (module.js:506:12)
    at Function.Module._load (module.js:498:3)
    at Function.Module.runMain (module.js:694:10)
2018-11-10T19:08:54.496Z - info: START seeder.
2018-11-10T19:08:54.513Z - error: uncaughtException: datauser is not defined date=Sat Nov 10 2018 13:08:54 GMT-0600 (Central Standard Time), pid=8608, uid=null, gid=null, cwd=b:\GDP\Project, execPath=C:\Program Files\nodejs\node.exe, version=v8.12.0, argv=[C:\Program Files\nodejs\node.exe, b:\GDP\Project\bin\www], rss=111714304, heapTotal=80539648, heapUsed=51750104, external=23434257, loadavg=[0, 0, 0], uptime=938077.7377107
ReferenceError: datauser is not defined
    at module.exports (b:\GDP\Project\utils\seeder.js:23:22)
    at Object.<anonymous> (b:\GDP\Project\codeword.js:30:29)
    at Module._compile (module.js:653:30)
    at Object.Module._extensions..js (module.js:664:10)
    at Module.load (module.js:566:32)
    at tryModuleLoad (module.js:506:12)
    at Function.Module._load (module.js:498:3)
    at Module.require (module.js:597:17)
    at require (internal/module.js:11:18)
    at Object.<anonymous> (b:\GDP\Project\bin\www:7:11)
    at Module._compile (module.js:650:14)
    at Object.Module._extensions..js (module.js:664:10)
    at Module.load (module.js:566:32)
    at tryModuleLoad (module.js:506:12)
    at Function.Module._load (module.js:498:3)
    at Function.Module.runMain (module.js:694:10)
2018-11-10T19:09:16.920Z - info: START seeder.
2018-11-10T19:09:16.959Z - error: uncaughtException: Cannot read property 'find' of undefined date=Sat Nov 10 2018 13:09:16 GMT-0600 (Central Standard Time), pid=12888, uid=null, gid=null, cwd=b:\GDP\Project, execPath=C:\Program Files\nodejs\node.exe, version=v8.12.0, argv=[C:\Program Files\nodejs\node.exe, b:\GDP\Project\bin\www], rss=112902144, heapTotal=81063936, heapUsed=53608536, external=23460717, loadavg=[0, 0, 0], uptime=938100.18465
TypeError: Cannot read property 'find' of undefined
    at module.exports (b:\GDP\Project\utils\seeder.js:51:37)
    at Object.<anonymous> (b:\GDP\Project\codeword.js:30:29)
    at Module._compile (module.js:653:30)
    at Object.Module._extensions..js (module.js:664:10)
    at Module.load (module.js:566:32)
    at tryModuleLoad (module.js:506:12)
    at Function.Module._load (module.js:498:3)
    at Module.require (module.js:597:17)
    at require (internal/module.js:11:18)
    at Object.<anonymous> (b:\GDP\Project\bin\www:7:11)
    at Module._compile (module.js:650:14)
    at Object.Module._extensions..js (module.js:664:10)
    at Module.load (module.js:566:32)
    at tryModuleLoad (module.js:506:12)
    at Function.Module._load (module.js:498:3)
    at Function.Module.runMain (module.js:694:10)
2018-11-10T19:09:44.840Z - info: START seeder.
2018-11-10T19:09:44.883Z - error: uncaughtException: Cannot read property 'query' of undefined date=Sat Nov 10 2018 13:09:44 GMT-0600 (Central Standard Time), pid=1016, uid=null, gid=null, cwd=b:\GDP\Project, execPath=C:\Program Files\nodejs\node.exe, version=v8.12.0, argv=[C:\Program Files\nodejs\node.exe, b:\GDP\Project\bin\www], rss=112705536, heapTotal=80015360, heapUsed=53600696, external=23460717, loadavg=[0, 0, 0], uptime=938128.1092853
TypeError: Cannot read property 'query' of undefined
    at module.exports (b:\GDP\Project\utils\seeder.js:52:36)
    at Object.<anonymous> (b:\GDP\Project\codeword.js:30:29)
    at Module._compile (module.js:653:30)
    at Object.Module._extensions..js (module.js:664:10)
    at Module.load (module.js:566:32)
    at tryModuleLoad (module.js:506:12)
    at Function.Module._load (module.js:498:3)
    at Module.require (module.js:597:17)
    at require (internal/module.js:11:18)
    at Object.<anonymous> (b:\GDP\Project\bin\www:7:11)
    at Module._compile (module.js:650:14)
    at Object.Module._extensions..js (module.js:664:10)
    at Module.load (module.js:566:32)
    at tryModuleLoad (module.js:506:12)
    at Function.Module._load (module.js:498:3)
    at Function.Module.runMain (module.js:694:10)
2018-11-10T19:10:03.224Z - info: START seeder.
2018-11-10T19:10:03.255Z - debug: 2 dataCodewordset seeded
2018-11-10T19:10:03.255Z - debug: 224 datacodeword seeded
2018-11-10T19:10:03.255Z - debug: 6 datacourse seeded
2018-11-10T19:10:03.255Z - debug: 114 dataCoursestudent seeded
2018-11-10T19:10:03.256Z - info: END Seeder. Sample data read and verified.
2018-11-10T20:34:52.004Z - info: START seeder.
2018-11-10T20:34:52.049Z - debug: 2 dataCodewordset seeded
2018-11-10T20:34:52.049Z - debug: 224 datacodeword seeded
2018-11-10T20:34:52.049Z - debug: 6 datacourse seeded
2018-11-10T20:34:52.051Z - debug: 114 dataCoursestudent seeded
2018-11-10T20:34:52.051Z - info: END Seeder. Sample data read and verified.
2018-11-10T20:35:55.957Z - info: START seeder.
2018-11-10T20:35:55.973Z - debug: 2 dataCodewordset seeded
2018-11-10T20:35:55.973Z - debug: 224 datacodeword seeded
2018-11-10T20:35:55.983Z - debug: 6 datacourse seeded
2018-11-10T20:35:55.984Z - debug: 114 dataCoursestudent seeded
2018-11-10T20:35:55.984Z - info: END Seeder. Sample data read and verified.
2018-11-10T20:40:06.305Z - info: START seeder.
2018-11-10T20:40:06.360Z - debug: 2 dataCodewordset seeded
2018-11-10T20:40:06.360Z - debug: 224 datacodeword seeded
2018-11-10T20:40:06.361Z - debug: 6 datacourse seeded
2018-11-10T20:40:06.361Z - debug: 114 dataCoursestudent seeded
2018-11-10T20:40:06.361Z - info: END Seeder. Sample data read and verified.
2018-11-10T20:47:44.332Z - info: START seeder.
2018-11-10T20:47:44.356Z - debug: 2 dataCodewordset seeded
2018-11-10T20:47:44.357Z - debug: 224 datacodeword seeded
2018-11-10T20:47:44.357Z - debug: 6 datacourse seeded
2018-11-10T20:47:44.357Z - debug: 114 dataCoursestudent seeded
2018-11-10T20:47:44.357Z - info: END Seeder. Sample data read and verified.
2018-11-10T20:48:01.099Z - info: START seeder.
2018-11-10T20:48:01.120Z - debug: 2 dataCodewordset seeded
2018-11-10T20:48:01.120Z - debug: 224 datacodeword seeded
2018-11-10T20:48:01.120Z - debug: 6 datacourse seeded
2018-11-10T20:48:01.124Z - debug: 114 dataCoursestudent seeded
2018-11-10T20:48:01.124Z - info: END Seeder. Sample data read and verified.
2018-11-10T20:48:35.780Z - info: START seeder.
2018-11-10T20:48:35.804Z - debug: 2 dataCodewordset seeded
2018-11-10T20:48:35.804Z - debug: 224 datacodeword seeded
2018-11-10T20:48:35.805Z - debug: 6 datacourse seeded
2018-11-10T20:48:35.805Z - debug: 114 dataCoursestudent seeded
2018-11-10T20:48:35.805Z - info: END Seeder. Sample data read and verified.
2018-11-10T21:11:45.527Z - info: START seeder.
2018-11-10T21:11:45.544Z - debug: 2 dataCodewordset seeded
2018-11-10T21:11:45.544Z - debug: 224 datacodeword seeded
2018-11-10T21:11:45.550Z - debug: 6 datacourse seeded
2018-11-10T21:11:45.550Z - debug: 114 dataCoursestudent seeded
2018-11-10T21:11:45.550Z - info: END Seeder. Sample data read and verified.
2018-11-10T21:12:50.746Z - info: START seeder.
2018-11-10T21:12:50.761Z - debug: 2 dataCodewordset seeded
2018-11-10T21:12:50.761Z - debug: 224 datacodeword seeded
2018-11-10T21:12:50.761Z - debug: 6 datacourse seeded
2018-11-10T21:12:50.770Z - debug: 114 dataCoursestudent seeded
2018-11-10T21:12:50.770Z - info: END Seeder. Sample data read and verified.
2018-11-10T21:13:34.686Z - info: START seeder.
2018-11-10T21:13:34.697Z - debug: 2 dataCodewordset seeded
2018-11-10T21:13:34.697Z - debug: 224 datacodeword seeded
2018-11-10T21:13:34.697Z - debug: 6 datacourse seeded
2018-11-10T21:13:34.711Z - debug: 114 dataCoursestudent seeded
2018-11-10T21:13:34.711Z - info: END Seeder. Sample data read and verified.
2018-11-10T21:15:10.180Z - info: START seeder.
2018-11-10T21:15:10.217Z - debug: 2 dataCodewordset seeded
2018-11-10T21:15:10.217Z - debug: 224 datacodeword seeded
2018-11-10T21:15:10.217Z - debug: 6 datacourse seeded
2018-11-10T21:15:10.217Z - debug: 114 dataCoursestudent seeded
2018-11-10T21:15:10.217Z - info: END Seeder. Sample data read and verified.
2018-11-10T21:34:10.664Z - info: START seeder.
2018-11-10T21:34:10.691Z - debug: 2 dataCodewordset seeded
2018-11-10T21:34:10.691Z - debug: 224 datacodeword seeded
2018-11-10T21:34:10.694Z - debug: 6 datacourse seeded
2018-11-10T21:34:10.695Z - debug: 114 dataCoursestudent seeded
2018-11-10T21:34:10.695Z - info: END Seeder. Sample data read and verified.
2018-11-10T21:34:42.948Z - info: START seeder.
2018-11-10T21:34:42.971Z - debug: 2 dataCodewordset seeded
2018-11-10T21:34:42.971Z - debug: 224 datacodeword seeded
2018-11-10T21:34:42.973Z - debug: 6 datacourse seeded
2018-11-10T21:34:42.973Z - debug: 114 dataCoursestudent seeded
2018-11-10T21:34:42.973Z - info: END Seeder. Sample data read and verified.
2018-11-10T21:38:11.230Z - info: START seeder.
2018-11-10T21:38:11.259Z - debug: 2 dataCodewordset seeded
2018-11-10T21:38:11.259Z - debug: 224 datacodeword seeded
2018-11-10T21:38:11.259Z - debug: 6 datacourse seeded
2018-11-10T21:38:11.260Z - debug: 114 dataCoursestudent seeded
2018-11-10T21:38:11.260Z - info: END Seeder. Sample data read and verified.
2018-11-10T21:38:21.642Z - error: uncaughtException: o is not defined date=Sat Nov 10 2018 15:38:21 GMT-0600 (Central Standard Time), pid=3256, uid=null, gid=null, cwd=c:\Users\s531383\Desktop\GDP\CodeWord, execPath=C:\Program Files\nodejs\node.exe, version=v8.9.4, argv=[C:\Program Files\nodejs\node.exe, c:\Users\s531383\Desktop\GDP\CodeWord\bin\www], rss=123793408, heapTotal=82219008, heapUsed=56149728, external=22488087, loadavg=[0, 0, 0], uptime=1371844.9110712
ReferenceError: o is not defined
    at c:\Users\s531383\Desktop\GDP\CodeWord\controllers\controller.coursestudent.js:28:32
    at c:\Users\s531383\Desktop\GDP\CodeWord\node_modules\mongoose\lib\model.js:4527:16
    at process.nextTick (c:\Users\s531383\Desktop\GDP\CodeWord\node_modules\mongoose\lib\query.js:2584:28)
    at _combinedTickCallback (internal/process/next_tick.js:131:7)
    at process._tickCallback (internal/process/next_tick.js:180:9)
2018-11-10T21:38:51.099Z - info: START seeder.
2018-11-10T21:38:51.122Z - debug: 2 dataCodewordset seeded
2018-11-10T21:38:51.122Z - debug: 224 datacodeword seeded
2018-11-10T21:38:51.126Z - debug: 6 datacourse seeded
2018-11-10T21:38:51.126Z - debug: 114 dataCoursestudent seeded
2018-11-10T21:38:51.126Z - info: END Seeder. Sample data read and verified.
2018-11-10T21:40:10.433Z - info: START seeder.
2018-11-10T21:40:10.455Z - debug: 2 dataCodewordset seeded
2018-11-10T21:40:10.455Z - debug: 224 datacodeword seeded
2018-11-10T21:40:10.456Z - debug: 6 datacourse seeded
2018-11-10T21:40:10.456Z - debug: 114 dataCoursestudent seeded
2018-11-10T21:40:10.456Z - info: END Seeder. Sample data read and verified.
2018-11-10T21:42:17.217Z - info: START seeder.
2018-11-10T21:42:17.244Z - debug: 2 dataCodewordset seeded
2018-11-10T21:42:17.244Z - debug: 224 datacodeword seeded
2018-11-10T21:42:17.244Z - debug: 6 datacourse seeded
2018-11-10T21:42:17.244Z - debug: 114 dataCoursestudent seeded
2018-11-10T21:42:17.245Z - info: END Seeder. Sample data read and verified.
2018-11-10T21:42:27.233Z - error: uncaughtException: courseStudentModel is not defined date=Sat Nov 10 2018 15:42:27 GMT-0600 (Central Standard Time), pid=8032, uid=null, gid=null, cwd=c:\Users\s531383\Desktop\GDP\CodeWord, execPath=C:\Program Files\nodejs\node.exe, version=v8.9.4, argv=[C:\Program Files\nodejs\node.exe, c:\Users\s531383\Desktop\GDP\CodeWord\bin\www], rss=126836736, heapTotal=84672512, heapUsed=56797560, external=22397132, loadavg=[0, 0, 0], uptime=1372090.4936282
ReferenceError: courseStudentModel is not defined
    at c:\Users\s531383\Desktop\GDP\CodeWord\controllers\controller.coursestudent.js:35:17
    at c:\Users\s531383\Desktop\GDP\CodeWord\node_modules\mongoose\lib\model.js:4527:16
    at process.nextTick (c:\Users\s531383\Desktop\GDP\CodeWord\node_modules\mongoose\lib\query.js:2584:28)
    at _combinedTickCallback (internal/process/next_tick.js:131:7)
    at process._tickCallback (internal/process/next_tick.js:180:9)
2018-11-10T21:43:56.571Z - info: START seeder.
2018-11-10T21:43:56.606Z - debug: 2 dataCodewordset seeded
2018-11-10T21:43:56.606Z - debug: 224 datacodeword seeded
2018-11-10T21:43:56.607Z - debug: 6 datacourse seeded
2018-11-10T21:43:56.607Z - debug: 114 dataCoursestudent seeded
2018-11-10T21:43:56.607Z - info: END Seeder. Sample data read and verified.
2018-11-10T21:44:13.240Z - error: uncaughtException: courseStudentModel is not defined date=Sat Nov 10 2018 15:44:13 GMT-0600 (Central Standard Time), pid=532, uid=null, gid=null, cwd=c:\Users\s531383\Desktop\GDP\CodeWord, execPath=C:\Program Files\nodejs\node.exe, version=v8.9.4, argv=[C:\Program Files\nodejs\node.exe, c:\Users\s531383\Desktop\GDP\CodeWord\bin\www], rss=128581632, heapTotal=84422656, heapUsed=49332968, external=21518697, loadavg=[0, 0, 0], uptime=1372196.5061133
ReferenceError: courseStudentModel is not defined
    at c:\Users\s531383\Desktop\GDP\CodeWord\controllers\controller.coursestudent.js:35:17
    at c:\Users\s531383\Desktop\GDP\CodeWord\node_modules\mongoose\lib\model.js:4527:16
    at process.nextTick (c:\Users\s531383\Desktop\GDP\CodeWord\node_modules\mongoose\lib\query.js:2584:28)
    at _combinedTickCallback (internal/process/next_tick.js:131:7)
    at process._tickCallback (internal/process/next_tick.js:180:9)
2018-11-10T21:44:43.080Z - info: START seeder.
2018-11-10T21:44:43.103Z - debug: 2 dataCodewordset seeded
2018-11-10T21:44:43.103Z - debug: 224 datacodeword seeded
2018-11-10T21:44:43.107Z - debug: 6 datacourse seeded
2018-11-10T21:44:43.107Z - debug: 114 dataCoursestudent seeded
2018-11-10T21:44:43.107Z - info: END Seeder. Sample data read and verified.
2018-11-10T21:45:01.888Z - info: START seeder.
2018-11-10T21:45:01.909Z - debug: 2 dataCodewordset seeded
2018-11-10T21:45:01.909Z - debug: 224 datacodeword seeded
2018-11-10T21:45:01.912Z - debug: 6 datacourse seeded
2018-11-10T21:45:01.912Z - debug: 114 dataCoursestudent seeded
2018-11-10T21:45:01.912Z - info: END Seeder. Sample data read and verified.
2018-11-10T21:46:59.867Z - info: START seeder.
2018-11-10T21:46:59.896Z - debug: 2 dataCodewordset seeded
2018-11-10T21:46:59.896Z - debug: 224 datacodeword seeded
2018-11-10T21:46:59.897Z - debug: 6 datacourse seeded
2018-11-10T21:46:59.897Z - debug: 114 dataCoursestudent seeded
2018-11-10T21:46:59.897Z - info: END Seeder. Sample data read and verified.
2018-11-10T21:59:02.277Z - info: START seeder.
2018-11-10T21:59:02.302Z - debug: 2 dataCodewordset seeded
2018-11-10T21:59:02.302Z - debug: 224 datacodeword seeded
2018-11-10T21:59:02.302Z - debug: 6 datacourse seeded
2018-11-10T21:59:02.302Z - debug: 114 dataCoursestudent seeded
2018-11-10T21:59:02.302Z - info: END Seeder. Sample data read and verified.
2018-11-10T21:59:35.467Z - info: START seeder.
2018-11-10T21:59:35.491Z - debug: 2 dataCodewordset seeded
2018-11-10T21:59:35.491Z - debug: 224 datacodeword seeded
2018-11-10T21:59:35.491Z - debug: 6 datacourse seeded
2018-11-10T21:59:35.492Z - debug: 114 dataCoursestudent seeded
2018-11-10T21:59:35.492Z - info: END Seeder. Sample data read and verified.
2018-11-10T21:59:48.297Z - error: uncaughtException: CourseStudentModel.save is not a function date=Sat Nov 10 2018 15:59:48 GMT-0600 (Central Standard Time), pid=14924, uid=null, gid=null, cwd=c:\Users\s531383\Desktop\GDP\CodeWord, execPath=C:\Program Files\nodejs\node.exe, version=v8.9.4, argv=[C:\Program Files\nodejs\node.exe, c:\Users\s531383\Desktop\GDP\CodeWord\bin\www], rss=124059648, heapTotal=82219008, heapUsed=56616288, external=22488087, loadavg=[0, 0, 0], uptime=1373131.5681267
TypeError: CourseStudentModel.save is not a function
    at c:\Users\s531383\Desktop\GDP\CodeWord\controllers\controller.coursestudent.js:42:36
    at c:\Users\s531383\Desktop\GDP\CodeWord\node_modules\mongoose\lib\model.js:4527:16
    at process.nextTick (c:\Users\s531383\Desktop\GDP\CodeWord\node_modules\mongoose\lib\query.js:2584:28)
    at _combinedTickCallback (internal/process/next_tick.js:131:7)
    at process._tickCallback (internal/process/next_tick.js:180:9)
2018-11-10T22:00:05.227Z - info: START seeder.
2018-11-10T22:00:05.251Z - debug: 2 dataCodewordset seeded
2018-11-10T22:00:05.251Z - debug: 224 datacodeword seeded
2018-11-10T22:00:05.251Z - debug: 6 datacourse seeded
2018-11-10T22:00:05.251Z - debug: 114 dataCoursestudent seeded
2018-11-10T22:00:05.252Z - info: END Seeder. Sample data read and verified.
2018-11-10T22:01:05.444Z - info: START seeder.
2018-11-10T22:01:05.467Z - debug: 2 dataCodewordset seeded
2018-11-10T22:01:05.467Z - debug: 224 datacodeword seeded
2018-11-10T22:01:05.467Z - debug: 6 datacourse seeded
2018-11-10T22:01:05.467Z - debug: 114 dataCoursestudent seeded
2018-11-10T22:01:05.467Z - info: END Seeder. Sample data read and verified.
2018-11-10T22:04:50.999Z - info: START seeder.
2018-11-10T22:04:51.034Z - debug: 2 dataCodewordset seeded
2018-11-10T22:04:51.034Z - debug: 224 datacodeword seeded
2018-11-10T22:04:51.034Z - debug: 6 datacourse seeded
2018-11-10T22:04:51.034Z - debug: 114 dataCoursestudent seeded
2018-11-10T22:04:51.034Z - info: END Seeder. Sample data read and verified.
2018-11-10T22:05:46.922Z - info: START seeder.
2018-11-10T22:05:46.945Z - debug: 2 dataCodewordset seeded
2018-11-10T22:05:46.945Z - debug: 224 datacodeword seeded
2018-11-10T22:05:46.945Z - debug: 6 datacourse seeded
2018-11-10T22:05:46.945Z - debug: 114 dataCoursestudent seeded
2018-11-10T22:05:46.946Z - info: END Seeder. Sample data read and verified.
2018-11-10T22:07:44.560Z - info: START seeder.
2018-11-10T22:07:44.585Z - debug: 2 dataCodewordset seeded
2018-11-10T22:07:44.585Z - debug: 224 datacodeword seeded
2018-11-10T22:07:44.585Z - debug: 6 datacourse seeded
2018-11-10T22:07:44.586Z - debug: 114 dataCoursestudent seeded
2018-11-10T22:07:44.586Z - info: END Seeder. Sample data read and verified.
2018-11-10T22:09:54.349Z - info: START seeder.
2018-11-10T22:09:54.373Z - debug: 2 dataCodewordset seeded
2018-11-10T22:09:54.373Z - debug: 224 datacodeword seeded
2018-11-10T22:09:54.374Z - debug: 6 datacourse seeded
2018-11-10T22:09:54.374Z - debug: 114 dataCoursestudent seeded
2018-11-10T22:09:54.374Z - info: END Seeder. Sample data read and verified.
2018-11-11T00:16:02.514Z - info: START seeder.
2018-11-11T00:16:02.545Z - debug: 2 dataCodewordset seeded
2018-11-11T00:16:02.545Z - debug: 224 datacodeword seeded
2018-11-11T00:16:02.545Z - debug: 6 datacourse seeded
2018-11-11T00:16:02.546Z - debug: 114 dataCoursestudent seeded
2018-11-11T00:16:02.546Z - info: END Seeder. Sample data read and verified.
2018-11-11T00:16:07.253Z - error: uncaughtException: Cannot read property 'codeword' of null date=Sat Nov 10 2018 18:16:07 GMT-0600 (Central Standard Time), pid=2672, uid=null, gid=null, cwd=b:\GDP\Project, execPath=C:\Program Files\nodejs\node.exe, version=v8.12.0, argv=[C:\Program Files\nodejs\node.exe, b:\GDP\Project\bin\www], rss=120598528, heapTotal=84209664, heapUsed=49379936, external=21655217, loadavg=[0, 0, 0], uptime=956511.461906
TypeError: Cannot read property 'codeword' of null
    at b:\GDP\Project\controllers\controller.coursestudent.js:20:38
    at b:\GDP\Project\node_modules\mongoose\lib\model.js:4518:16
    at model.Query.Query._completeOne (b:\GDP\Project\node_modules\mongoose\lib\query.js:1883:12)
    at Immediate.Query.base.findOne.call (b:\GDP\Project\node_modules\mongoose\lib\query.js:1943:10)
    at Immediate._onImmediate (b:\GDP\Project\node_modules\mquery\lib\utils.js:116:16)
    at runCallback (timers.js:810:20)
    at tryOnImmediate (timers.js:768:5)
    at processImmediate [as _immediateCallback] (timers.js:745:5)
2018-11-11T00:17:09.683Z - info: START seeder.
2018-11-11T00:17:09.711Z - debug: 2 dataCodewordset seeded
2018-11-11T00:17:09.711Z - debug: 224 datacodeword seeded
2018-11-11T00:17:09.712Z - debug: 6 datacourse seeded
2018-11-11T00:17:09.712Z - debug: 114 dataCoursestudent seeded
2018-11-11T00:17:09.712Z - info: END Seeder. Sample data read and verified.
2018-11-11T00:17:40.730Z - error: uncaughtException: Cannot read property 'codeword' of null date=Sat Nov 10 2018 18:17:40 GMT-0600 (Central Standard Time), pid=8648, uid=null, gid=null, cwd=b:\GDP\Project, execPath=C:\Program Files\nodejs\node.exe, version=v8.12.0, argv=[C:\Program Files\nodejs\node.exe, b:\GDP\Project\bin\www], rss=101707776, heapTotal=56504320, heapUsed=50098936, external=21500916, loadavg=[0, 0, 0], uptime=956604.9354535
TypeError: Cannot read property 'codeword' of null
    at b:\GDP\Project\controllers\controller.coursestudent.js:20:38
    at b:\GDP\Project\node_modules\mongoose\lib\model.js:4518:16
    at model.Query.Query._completeOne (b:\GDP\Project\node_modules\mongoose\lib\query.js:1883:12)
    at Immediate.Query.base.findOne.call (b:\GDP\Project\node_modules\mongoose\lib\query.js:1943:10)
    at Immediate._onImmediate (b:\GDP\Project\node_modules\mquery\lib\utils.js:116:16)
    at runCallback (timers.js:810:20)
    at tryOnImmediate (timers.js:768:5)
    at processImmediate [as _immediateCallback] (timers.js:745:5)
2018-11-11T00:18:11.840Z - info: START seeder.
2018-11-11T00:18:11.912Z - debug: 2 dataCodewordset seeded
2018-11-11T00:18:11.912Z - debug: 224 datacodeword seeded
2018-11-11T00:18:11.913Z - debug: 6 datacourse seeded
2018-11-11T00:18:11.914Z - debug: 114 dataCoursestudent seeded
2018-11-11T00:18:11.914Z - info: END Seeder. Sample data read and verified.
2018-11-11T00:20:09.203Z - info: START seeder.
2018-11-11T00:20:09.232Z - debug: 2 dataCodewordset seeded
2018-11-11T00:20:09.232Z - debug: 224 datacodeword seeded
2018-11-11T00:20:09.233Z - debug: 6 datacourse seeded
2018-11-11T00:20:09.233Z - debug: 114 dataCoursestudent seeded
2018-11-11T00:20:09.233Z - info: END Seeder. Sample data read and verified.
2018-11-11T00:20:36.881Z - error: uncaughtException: courseStudentModel.insertMany is not a function date=Sat Nov 10 2018 18:20:36 GMT-0600 (Central Standard Time), pid=12524, uid=null, gid=null, cwd=b:\GDP\Project, execPath=C:\Program Files\nodejs\node.exe, version=v8.12.0, argv=[C:\Program Files\nodejs\node.exe, b:\GDP\Project\bin\www], rss=97669120, heapTotal=51261440, heapUsed=46104560, external=22496020, loadavg=[0, 0, 0], uptime=956781.0840583
TypeError: courseStudentModel.insertMany is not a function
    at b:\GDP\Project\controllers\controller.coursestudent.js:43:33
    at b:\GDP\Project\node_modules\mongoose\lib\model.js:4518:16
    at process.nextTick (b:\GDP\Project\node_modules\mongoose\lib\query.js:2584:28)
    at _combinedTickCallback (internal/process/next_tick.js:132:7)
    at process._tickCallback (internal/process/next_tick.js:181:9)
2018-11-11T00:21:25.348Z - info: START seeder.
2018-11-11T00:21:25.403Z - debug: 2 dataCodewordset seeded
2018-11-11T00:21:25.403Z - debug: 224 datacodeword seeded
2018-11-11T00:21:25.403Z - debug: 6 datacourse seeded
2018-11-11T00:21:25.404Z - debug: 114 dataCoursestudent seeded
2018-11-11T00:21:25.404Z - info: END Seeder. Sample data read and verified.
2018-11-11T00:22:42.399Z - error: uncaughtException: courseStudentModel.insertMany is not a function date=Sat Nov 10 2018 18:22:42 GMT-0600 (Central Standard Time), pid=7548, uid=null, gid=null, cwd=b:\GDP\Project, execPath=C:\Program Files\nodejs\node.exe, version=v8.12.0, argv=[C:\Program Files\nodejs\node.exe, b:\GDP\Project\bin\www], rss=97239040, heapTotal=50737152, heapUsed=45034304, external=21500546, loadavg=[0, 0, 0], uptime=956906.607312
TypeError: courseStudentModel.insertMany is not a function
    at b:\GDP\Project\controllers\controller.coursestudent.js:43:33
    at b:\GDP\Project\node_modules\mongoose\lib\model.js:4518:16
    at process.nextTick (b:\GDP\Project\node_modules\mongoose\lib\query.js:2584:28)
    at _combinedTickCallback (internal/process/next_tick.js:132:7)
    at process._tickCallback (internal/process/next_tick.js:181:9)
2018-11-11T00:23:23.490Z - info: START seeder.
2018-11-11T00:23:23.518Z - debug: 2 dataCodewordset seeded
2018-11-11T00:23:23.518Z - debug: 224 datacodeword seeded
2018-11-11T00:23:23.519Z - debug: 6 datacourse seeded
2018-11-11T00:23:23.519Z - debug: 114 dataCoursestudent seeded
2018-11-11T00:23:23.520Z - info: END Seeder. Sample data read and verified.
2018-11-11T00:25:05.819Z - info: START seeder.
2018-11-11T00:25:05.848Z - debug: 2 dataCodewordset seeded
2018-11-11T00:25:05.848Z - debug: 224 datacodeword seeded
2018-11-11T00:25:05.848Z - debug: 6 datacourse seeded
2018-11-11T00:25:05.849Z - debug: 114 dataCoursestudent seeded
2018-11-11T00:25:05.849Z - info: END Seeder. Sample data read and verified.
2018-11-11T00:26:13.603Z - error: uncaughtException: Can't set headers after they are sent. date=Sat Nov 10 2018 18:26:13 GMT-0600 (Central Standard Time), pid=7028, uid=null, gid=null, cwd=b:\GDP\Project, execPath=C:\Program Files\nodejs\node.exe, version=v8.12.0, argv=[C:\Program Files\nodejs\node.exe, b:\GDP\Project\bin\www], rss=98459648, heapTotal=51261440, heapUsed=47468304, external=21501429, loadavg=[0, 0, 0], uptime=957117.8112555
Error: Can't set headers after they are sent.
    at validateHeader (_http_outgoing.js:491:11)
    at ServerResponse.setHeader (_http_outgoing.js:498:3)
    at ServerResponse.header (b:\GDP\Project\node_modules\express\lib\response.js:767:10)
    at ServerResponse.send (b:\GDP\Project\node_modules\express\lib\response.js:170:12)
    at CourseStudentModel.insertMany (b:\GDP\Project\controllers\controller.coursestudent.js:47:22)
    at b:\GDP\Project\node_modules\mongoose\lib\model.js:4518:16
    at b:\GDP\Project\node_modules\mongoose\lib\model.js:2824:7
    at b:\GDP\Project\node_modules\async\internal\parallel.js:39:9
    at b:\GDP\Project\node_modules\async\internal\once.js:12:16
    at iterateeCallback (b:\GDP\Project\node_modules\async\internal\eachOfLimit.js:45:17)
    at b:\GDP\Project\node_modules\async\internal\onlyOnce.js:12:16
    at b:\GDP\Project\node_modules\async\internal\parallel.js:36:13
    at b:\GDP\Project\node_modules\mongoose\lib\model.js:2815:18
    at b:\GDP\Project\node_modules\mongoose\lib\document.js:1687:5
    at b:\GDP\Project\node_modules\mongoose\lib\document.js:1861:9
    at b:\GDP\Project\node_modules\kareem\index.js:135:16
